<?xml version="1.0" encoding="UTF-8"?>
<!-- Generated by org.testng.reporters.JUnitReportReporter -->
<testsuite skipped="0" hostname="DESKTOP-GQ48109" name="testCases.LoginPageTest" tests="2" failures="0" timestamp="12 Dec 2020 18:15:24 GMT" time="32.814" errors="0">
  <testcase name="loginTest" time="16.776" classname="testCases.LoginPageTest"/>
  <testcase name="loginpageTitleTest" time="16.038" classname="testCases.LoginPageTest"/>
</testsuite> <!-- testCases.LoginPageTest -->
